2023-07-12 19:00:56.242 [nREPL-session-e5e49ad0-6981-41d6-a2df-09a0f609ed09] INFO  xtdb.tx - Started tx-ingester
2023-07-12 19:01:01.810 [nREPL-session-e5e49ad0-6981-41d6-a2df-09a0f609ed09] INFO  portfolio.web.core - {:msg "Starting Server", :service-map #:io.pedestal.http{:routes ({:path-parts [""], :path-params [], :interceptors [#Interceptor{:name :portfolio.web.handlers.home/home}], :path "/", :method :any, :path-re #"/\Q\E", :route-name :portfolio.web.handlers.home/home} {:path-parts ["" "echo"], :path-params [], :interceptors [#Interceptor{:name :portfolio.web.routes/echo}], :path "/echo", :method :post, :path-re #"/\Qecho\E", :route-name :portfolio.web.routes/echo} {:path-parts ["" "ui" "attachment" "view" :attachment-id], :path-params [:attachment-id], :interceptors [#Interceptor{:name :portfolio.web.handlers.ui/view-attachment}], :path "/ui/attachment/view/:attachment-id", :path-constraints {:attachment-id "([^/]+)"}, :method :get, :path-re #"/\Qui\E/\Qattachment\E/\Qview\E/([^/]+)", :route-name :portfolio.web.handlers.ui/view-attachment} {:path-parts ["" "ui" "validation" :ent :spec], :path-params [:ent :spec], :interceptors [#Interceptor{:name :io.pedestal.http.ring-middlewares/multipart-params} #Interceptor{:name :io.pedestal.http.body-params/body-params} #Interceptor{:name :portfolio.web.handlers.ui/validate}], :path "/ui/validation/:ent/:spec", :path-constraints {:ent "([^/]+)", :spec "([^/]+)"}, :method :post, :path-re #"/\Qui\E/\Qvalidation\E/([^/]+)/([^/]+)", :route-name :portfolio.web.handlers.ui/validate}), :type :jetty, :host "0.0.0.0", :port 8000, :join? false, :resource-path "public", :secure-headers {:content-security-policy-settings {:object-src "none"}}}, :port 7755, :line 27}
2023-07-12 19:01:01.841 [nREPL-session-e5e49ad0-6981-41d6-a2df-09a0f609ed09] INFO  org.eclipse.jetty.util.log - Logging initialized @18740ms to org.eclipse.jetty.util.log.Slf4jLog
2023-07-12 19:01:01.965 [nREPL-session-e5e49ad0-6981-41d6-a2df-09a0f609ed09] INFO  org.eclipse.jetty.server.Server - jetty-9.4.44.v20210927; built: 2021-09-27T23:02:44.612Z; git: 8da83308eeca865e495e53ef315a249d63ba9332; jvm 19.0.2+7-Ubuntu-0ubuntu322.04
2023-07-12 19:01:01.985 [nREPL-session-e5e49ad0-6981-41d6-a2df-09a0f609ed09] INFO  o.e.j.server.handler.ContextHandler - Started o.e.j.s.ServletContextHandler@7785220d{/,null,AVAILABLE}
2023-07-12 19:01:01.995 [nREPL-session-e5e49ad0-6981-41d6-a2df-09a0f609ed09] INFO  o.e.jetty.server.AbstractConnector - Started ServerConnector@15689d13{HTTP/1.1, (http/1.1, h2c)}{0.0.0.0:7755}
2023-07-12 19:01:01.996 [nREPL-session-e5e49ad0-6981-41d6-a2df-09a0f609ed09] INFO  org.eclipse.jetty.server.Server - Started @18895ms
2023-07-12 19:01:39.785 [qtp2003833558-60] INFO  io.pedestal.http - {:msg "GET /", :line 80}
2023-07-12 19:01:39.835 [qtp2003833558-55] INFO  io.pedestal.http - {:msg "GET /css/main.css", :line 80}
2023-07-12 19:01:39.945 [qtp2003833558-59] INFO  io.pedestal.http - {:msg "GET /js/hyperscript@0.9.7.min.js", :line 80}
2023-07-12 19:01:39.945 [qtp2003833558-54] INFO  io.pedestal.http - {:msg "GET /js/main.js", :line 80}
2023-07-12 19:01:39.946 [qtp2003833558-56] INFO  io.pedestal.http - {:msg "GET /js/htmx@1.8.4.min.js", :line 80}
2023-07-12 19:01:39.984 [qtp2003833558-61] INFO  io.pedestal.http - {:msg "GET /img/logo.png", :line 80}
2023-07-12 19:02:04.067 [qtp2003833558-59] INFO  io.pedestal.http - {:msg "GET /", :line 80}
2023-07-12 19:02:07.708 [qtp2003833558-61] INFO  io.pedestal.http - {:msg "GET /", :line 80}
2023-07-12 19:05:07.144 [qtp2003833558-99] INFO  io.pedestal.http - {:msg "GET /", :line 80}
2023-07-12 19:05:28.040 [qtp2003833558-59] INFO  io.pedestal.http - {:msg "GET /", :line 80}
2023-07-12 19:08:02.799 [qtp2003833558-59] INFO  io.pedestal.http - {:msg "GET /", :line 80}
2023-07-12 19:08:06.995 [qtp2003833558-61] INFO  io.pedestal.http - {:msg "GET /", :line 80}
2023-07-12 19:10:25.846 [qtp2003833558-61] INFO  io.pedestal.http - {:msg "GET /", :line 80}
2023-07-12 19:10:26.435 [qtp2003833558-55] INFO  io.pedestal.http - {:msg "GET /", :line 80}
2023-07-12 19:12:32.587 [qtp2003833558-55] INFO  io.pedestal.http - {:msg "GET /", :line 80}
2023-07-12 19:15:35.092 [qtp2003833558-55] INFO  io.pedestal.http - {:msg "GET /", :line 80}
2023-07-12 19:15:46.999 [qtp2003833558-56] INFO  io.pedestal.http - {:msg "GET /", :line 80}
2023-07-12 19:16:01.589 [qtp2003833558-61] INFO  io.pedestal.http - {:msg "GET /", :line 80}
2023-07-12 19:16:54.548 [qtp2003833558-99] INFO  io.pedestal.http - {:msg "GET /", :line 80}
2023-07-12 19:17:10.036 [qtp2003833558-56] INFO  io.pedestal.http - {:msg "GET /", :line 80}
2023-07-12 19:18:31.169 [qtp2003833558-56] INFO  io.pedestal.http - {:msg "GET /", :line 80}
2023-07-12 19:18:34.169 [qtp2003833558-54] INFO  io.pedestal.http - {:msg "GET /", :line 80}
2023-07-12 19:18:37.518 [qtp2003833558-55] INFO  io.pedestal.http - {:msg "GET /", :line 80}
2023-07-12 19:18:50.096 [qtp2003833558-54] INFO  io.pedestal.http - {:msg "GET /", :line 80}
2023-07-12 19:18:50.751 [qtp2003833558-55] INFO  io.pedestal.http - {:msg "GET /", :line 80}
2023-07-12 19:18:51.048 [qtp2003833558-54] INFO  io.pedestal.http - {:msg "GET /", :line 80}
2023-07-12 19:18:51.349 [qtp2003833558-55] INFO  io.pedestal.http - {:msg "GET /", :line 80}
2023-07-12 19:18:51.583 [qtp2003833558-54] INFO  io.pedestal.http - {:msg "GET /", :line 80}
2023-07-12 19:19:14.012 [qtp2003833558-55] INFO  io.pedestal.http - {:msg "GET /", :line 80}
2023-07-12 19:19:22.499 [qtp2003833558-54] INFO  io.pedestal.http - {:msg "GET /", :line 80}
2023-07-12 19:19:26.645 [qtp2003833558-55] INFO  io.pedestal.http - {:msg "GET /css/pico-1.5.10/css/pico.min.css.map", :line 80}
2023-07-12 19:20:08.761 [qtp2003833558-61] INFO  io.pedestal.http - {:msg "GET /", :line 80}
2023-07-12 19:20:24.821 [qtp2003833558-54] INFO  io.pedestal.http - {:msg "GET /", :line 80}
2023-07-12 19:20:36.152 [qtp2003833558-61] INFO  io.pedestal.http - {:msg "GET /", :line 80}
2023-07-12 19:21:02.478 [qtp2003833558-54] INFO  io.pedestal.http - {:msg "GET /", :line 80}
2023-07-12 19:21:32.548 [qtp2003833558-99] INFO  io.pedestal.http - {:msg "GET /", :line 80}
2023-07-12 19:22:05.028 [qtp2003833558-55] INFO  io.pedestal.http - {:msg "GET /", :line 80}
2023-07-12 19:22:29.029 [qtp2003833558-61] INFO  io.pedestal.http - {:msg "GET /", :line 80}
2023-07-12 19:23:05.106 [qtp2003833558-54] INFO  io.pedestal.http - {:msg "GET /", :line 80}
2023-07-12 19:24:32.881 [qtp2003833558-54] INFO  io.pedestal.http - {:msg "GET /", :line 80}
2023-07-12 19:24:43.861 [qtp2003833558-99] INFO  io.pedestal.http - {:msg "GET /", :line 80}
2023-07-12 19:25:47.472 [qtp2003833558-99] INFO  io.pedestal.http - {:msg "GET /", :line 80}
2023-07-12 19:25:58.234 [qtp2003833558-61] INFO  io.pedestal.http - {:msg "GET /", :line 80}
2023-07-12 19:26:05.881 [qtp2003833558-59] INFO  io.pedestal.http - {:msg "GET /", :line 80}
2023-07-12 19:26:07.941 [qtp2003833558-61] INFO  io.pedestal.http - {:msg "GET /", :line 80}
2023-07-12 19:26:08.317 [qtp2003833558-59] INFO  io.pedestal.http - {:msg "GET /", :line 80}
2023-07-12 19:26:11.927 [qtp2003833558-61] INFO  io.pedestal.http - {:msg "GET /", :line 80}
2023-07-12 19:26:48.244 [qtp2003833558-55] INFO  io.pedestal.http - {:msg "GET /", :line 80}
2023-07-12 19:28:24.064 [qtp2003833558-55] INFO  io.pedestal.http - {:msg "GET /", :line 80}
2023-07-12 19:29:23.635 [qtp2003833558-61] INFO  io.pedestal.http - {:msg "GET /", :line 80}
2023-07-12 19:30:00.194 [qtp2003833558-59] INFO  io.pedestal.http - {:msg "GET /", :line 80}
2023-07-12 19:30:23.924 [qtp2003833558-99] INFO  io.pedestal.http - {:msg "GET /", :line 80}
2023-07-12 19:30:23.946 [qtp2003833558-59] INFO  io.pedestal.http - {:msg "GET /css/main.css", :line 80}
2023-07-12 19:30:23.946 [qtp2003833558-61] INFO  io.pedestal.http - {:msg "GET /css/pico-1.5.10/css/pico.min.css", :line 80}
2023-07-12 19:30:23.950 [qtp2003833558-56] INFO  io.pedestal.http - {:msg "GET /js/hyperscript@0.9.7.min.js", :line 80}
2023-07-12 19:30:23.950 [qtp2003833558-61] INFO  io.pedestal.http - {:msg "GET /js/main.js", :line 80}
2023-07-12 19:30:23.950 [qtp2003833558-99] INFO  io.pedestal.http - {:msg "GET /js/htmx@1.8.4.min.js", :line 80}
2023-07-12 19:30:24.072 [qtp2003833558-59] INFO  io.pedestal.http - {:msg "GET /img/logo.png", :line 80}
2023-07-12 19:30:44.104 [qtp2003833558-61] INFO  io.pedestal.http - {:msg "GET /", :line 80}
2023-07-12 19:30:44.145 [qtp2003833558-59] INFO  io.pedestal.http - {:msg "GET /css/main.css", :line 80}
2023-07-12 19:30:44.148 [qtp2003833558-99] INFO  io.pedestal.http - {:msg "GET /js/main.js", :line 80}
2023-07-12 19:30:44.148 [qtp2003833558-59] INFO  io.pedestal.http - {:msg "GET /js/hyperscript@0.9.7.min.js", :line 80}
2023-07-12 19:30:44.148 [qtp2003833558-61] INFO  io.pedestal.http - {:msg "GET /js/htmx@1.8.4.min.js", :line 80}
2023-07-12 19:30:44.148 [qtp2003833558-54] INFO  io.pedestal.http - {:msg "GET /css/pico-1.5.10/css/pico.min.css", :line 80}
2023-07-12 19:30:44.261 [qtp2003833558-60] INFO  io.pedestal.http - {:msg "GET /img/logo.png", :line 80}
2023-07-12 19:30:54.554 [qtp2003833558-56] INFO  io.pedestal.http - {:msg "GET /css/pico-1.5.10/css/pico.min.css.map", :line 80}
2023-07-12 19:31:38.554 [qtp2003833558-54] INFO  io.pedestal.http - {:msg "GET /", :line 80}
2023-07-12 19:31:38.908 [qtp2003833558-56] INFO  io.pedestal.http - {:msg "GET /css/pico-1.5.10/css/pico.min.css.map", :line 80}
2023-07-12 19:32:06.651 [qtp2003833558-55] INFO  io.pedestal.http - {:msg "GET /", :line 80}
2023-07-12 19:32:34.077 [qtp2003833558-60] INFO  io.pedestal.http - {:msg "GET /", :line 80}
2023-07-12 19:33:29.285 [qtp2003833558-56] INFO  io.pedestal.http - {:msg "GET /", :line 80}
2023-07-12 19:33:42.206 [qtp2003833558-55] INFO  io.pedestal.http - {:msg "GET /", :line 80}
2023-07-12 19:33:59.111 [qtp2003833558-56] INFO  io.pedestal.http - {:msg "GET /", :line 80}
2023-07-12 19:34:24.981 [qtp2003833558-55] INFO  io.pedestal.http - {:msg "GET /", :line 80}
2023-07-12 19:34:48.364 [qtp2003833558-56] INFO  io.pedestal.http - {:msg "GET /", :line 80}
2023-07-12 19:34:58.183 [qtp2003833558-55] INFO  io.pedestal.http - {:msg "GET /", :line 80}
2023-07-12 19:35:13.934 [qtp2003833558-56] INFO  io.pedestal.http - {:msg "GET /", :line 80}
2023-07-12 19:35:32.722 [qtp2003833558-55] INFO  io.pedestal.http - {:msg "GET /", :line 80}
2023-07-12 19:35:41.396 [qtp2003833558-56] INFO  io.pedestal.http - {:msg "GET /", :line 80}
2023-07-12 19:36:00.853 [qtp2003833558-55] INFO  io.pedestal.http - {:msg "GET /", :line 80}
2023-07-12 19:36:25.904 [qtp2003833558-56] INFO  io.pedestal.http - {:msg "GET /", :line 80}
2023-07-12 19:36:40.927 [qtp2003833558-55] INFO  io.pedestal.http - {:msg "GET /", :line 80}
2023-07-12 19:39:28.393 [qtp2003833558-156] INFO  io.pedestal.http - {:msg "GET /", :line 80}
2023-07-12 19:39:50.912 [qtp2003833558-157] INFO  io.pedestal.http - {:msg "GET /", :line 80}
2023-07-12 19:39:52.814 [qtp2003833558-55] INFO  io.pedestal.http - {:msg "GET /", :line 80}
2023-07-12 19:39:53.139 [qtp2003833558-157] INFO  io.pedestal.http - {:msg "GET /", :line 80}
2023-07-12 19:39:53.448 [qtp2003833558-55] INFO  io.pedestal.http - {:msg "GET /", :line 80}
2023-07-12 19:41:56.332 [qtp2003833558-156] INFO  io.pedestal.http - {:msg "GET /", :line 80}
2023-07-12 19:41:58.705 [qtp2003833558-60] INFO  io.pedestal.http - {:msg "GET /", :line 80}
2023-07-12 19:42:03.392 [qtp2003833558-157] INFO  io.pedestal.http - {:msg "GET /", :line 80}
2023-07-12 19:42:08.313 [qtp2003833558-60] INFO  io.pedestal.http - {:msg "GET /", :line 80}
2023-07-12 19:42:32.551 [qtp2003833558-157] INFO  io.pedestal.http - {:msg "GET /", :line 80}
2023-07-12 19:42:38.598 [qtp2003833558-60] INFO  io.pedestal.http - {:msg "GET /", :line 80}
2023-07-12 19:42:41.751 [qtp2003833558-157] INFO  io.pedestal.http - {:msg "GET /", :line 80}
2023-07-12 19:42:42.072 [qtp2003833558-60] INFO  io.pedestal.http - {:msg "GET /", :line 80}
2023-07-12 19:42:56.084 [qtp2003833558-157] INFO  io.pedestal.http - {:msg "GET /", :line 80}
2023-07-12 19:43:28.487 [qtp2003833558-56] INFO  io.pedestal.http - {:msg "GET /", :line 80}
2023-07-12 19:43:48.694 [qtp2003833558-60] INFO  io.pedestal.http - {:msg "GET /", :line 80}
2023-07-12 19:45:54.473 [qtp2003833558-60] INFO  io.pedestal.http - {:msg "GET /", :line 80}
2023-07-12 19:46:32.008 [qtp2003833558-157] INFO  io.pedestal.http - {:msg "GET /", :line 80}
2023-07-12 19:46:49.132 [qtp2003833558-55] INFO  io.pedestal.http - {:msg "GET /", :line 80}
2023-07-12 19:47:09.089 [qtp2003833558-157] INFO  io.pedestal.http - {:msg "GET /", :line 80}
2023-07-12 19:47:40.008 [qtp2003833558-56] INFO  io.pedestal.http - {:msg "GET /", :line 80}
2023-07-12 19:48:12.248 [qtp2003833558-99] INFO  io.pedestal.http - {:msg "GET /", :line 80}
2023-07-12 19:49:15.126 [qtp2003833558-157] INFO  io.pedestal.http - {:msg "GET /", :line 80}
2023-07-12 19:49:33.503 [qtp2003833558-55] INFO  io.pedestal.http - {:msg "GET /", :line 80}
2023-07-12 19:50:01.779 [qtp2003833558-157] INFO  io.pedestal.http - {:msg "GET /", :line 80}
2023-07-12 19:50:17.773 [qtp2003833558-55] INFO  io.pedestal.http - {:msg "GET /", :line 80}
2023-07-12 19:50:29.828 [qtp2003833558-157] INFO  io.pedestal.http - {:msg "GET /", :line 80}
2023-07-12 19:50:52.388 [qtp2003833558-55] INFO  io.pedestal.http - {:msg "GET /", :line 80}
2023-07-12 19:51:16.466 [qtp2003833558-157] INFO  io.pedestal.http - {:msg "GET /", :line 80}
2023-07-12 19:51:59.840 [qtp2003833558-56] INFO  io.pedestal.http - {:msg "GET /", :line 80}
2023-07-12 19:52:13.963 [qtp2003833558-55] INFO  io.pedestal.http - {:msg "GET /", :line 80}
2023-07-12 19:52:24.734 [qtp2003833558-56] INFO  io.pedestal.http - {:msg "GET /", :line 80}
2023-07-12 19:52:46.026 [qtp2003833558-55] INFO  io.pedestal.http - {:msg "GET /", :line 80}
2023-07-12 19:57:33.160 [qtp2003833558-156] INFO  io.pedestal.http - {:msg "GET /", :line 80}
2023-07-12 19:58:34.582 [qtp2003833558-156] INFO  io.pedestal.http - {:msg "GET /", :line 80}
2023-07-12 19:58:59.718 [qtp2003833558-157] INFO  io.pedestal.http - {:msg "GET /", :line 80}
2023-07-12 19:59:21.050 [qtp2003833558-60] INFO  io.pedestal.http - {:msg "GET /", :line 80}
2023-07-12 19:59:27.857 [qtp2003833558-157] INFO  io.pedestal.http - {:msg "GET /", :line 80}
2023-07-12 19:59:30.650 [qtp2003833558-60] INFO  io.pedestal.http - {:msg "GET /", :line 80}
2023-07-12 19:59:42.003 [qtp2003833558-157] INFO  io.pedestal.http - {:msg "GET /", :line 80}
2023-07-12 19:59:43.108 [qtp2003833558-60] INFO  io.pedestal.http - {:msg "GET /", :line 80}
2023-07-12 19:59:53.329 [qtp2003833558-157] INFO  io.pedestal.http - {:msg "GET /", :line 80}
2023-07-12 20:00:07.668 [qtp2003833558-60] INFO  io.pedestal.http - {:msg "GET /", :line 80}
2023-07-12 20:00:29.333 [qtp2003833558-157] INFO  io.pedestal.http - {:msg "GET /", :line 80}
2023-07-12 20:00:42.926 [qtp2003833558-60] INFO  io.pedestal.http - {:msg "GET /", :line 80}
2023-07-12 20:00:59.493 [qtp2003833558-157] INFO  io.pedestal.http - {:msg "GET /", :line 80}
2023-07-12 20:01:38.728 [qtp2003833558-56] INFO  io.pedestal.http - {:msg "GET /", :line 80}
2023-07-12 20:01:55.101 [qtp2003833558-60] INFO  io.pedestal.http - {:msg "GET /", :line 80}
2023-07-12 20:02:11.895 [qtp2003833558-56] INFO  io.pedestal.http - {:msg "GET /", :line 80}
2023-07-12 20:02:33.582 [qtp2003833558-60] INFO  io.pedestal.http - {:msg "GET /", :line 80}
2023-07-12 20:03:13.076 [qtp2003833558-99] INFO  io.pedestal.http - {:msg "GET /", :line 80}
2023-07-12 20:03:44.980 [qtp2003833558-157] INFO  io.pedestal.http - {:msg "GET /", :line 80}
2023-07-12 20:04:05.327 [qtp2003833558-56] INFO  io.pedestal.http - {:msg "GET /", :line 80}
2023-07-12 20:04:20.688 [qtp2003833558-157] INFO  io.pedestal.http - {:msg "GET /", :line 80}
2023-07-12 20:04:36.268 [qtp2003833558-56] INFO  io.pedestal.http - {:msg "GET /", :line 80}
2023-07-12 20:04:47.835 [qtp2003833558-157] INFO  io.pedestal.http - {:msg "GET /", :line 80}
2023-07-12 20:04:57.753 [qtp2003833558-56] INFO  io.pedestal.http - {:msg "GET /", :line 80}
2023-07-12 20:05:11.955 [qtp2003833558-157] INFO  io.pedestal.http - {:msg "GET /", :line 80}
2023-07-12 20:05:13.901 [qtp2003833558-56] INFO  io.pedestal.http - {:msg "GET /", :line 80}
2023-07-12 20:05:14.272 [qtp2003833558-157] INFO  io.pedestal.http - {:msg "GET /", :line 80}
2023-07-12 20:05:23.237 [qtp2003833558-56] INFO  io.pedestal.http - {:msg "GET /", :line 80}
2023-07-12 20:06:14.874 [qtp2003833558-60] INFO  io.pedestal.http - {:msg "GET /", :line 80}
2023-07-12 20:07:03.674 [qtp2003833558-99] INFO  io.pedestal.http - {:msg "GET /", :line 80}
2023-07-12 20:07:08.211 [qtp2003833558-157] INFO  io.pedestal.http - {:msg "GET /", :line 80}
2023-07-12 20:07:08.646 [qtp2003833558-99] INFO  io.pedestal.http - {:msg "GET /", :line 80}
2023-07-12 20:07:19.331 [qtp2003833558-157] INFO  io.pedestal.http - {:msg "GET /", :line 80}
2023-07-12 20:07:35.049 [qtp2003833558-99] INFO  io.pedestal.http - {:msg "GET /", :line 80}
2023-07-12 20:07:50.057 [qtp2003833558-157] INFO  io.pedestal.http - {:msg "GET /", :line 80}
2023-07-12 20:08:18.002 [qtp2003833558-99] INFO  io.pedestal.http - {:msg "GET /", :line 80}
2023-07-12 20:08:38.486 [qtp2003833558-157] INFO  io.pedestal.http - {:msg "GET /", :line 80}
2023-07-12 20:20:55.116 [qtp2003833558-157] INFO  io.pedestal.http - {:msg "GET /", :line 80}
2023-07-12 20:21:02.696 [qtp2003833558-56] INFO  io.pedestal.http - {:msg "GET /", :line 80}
2023-07-12 20:21:03.044 [qtp2003833558-55] INFO  io.pedestal.http - {:msg "GET /", :line 80}
2023-07-12 20:21:03.357 [qtp2003833558-56] INFO  io.pedestal.http - {:msg "GET /", :line 80}
2023-07-12 20:21:20.924 [qtp2003833558-55] INFO  io.pedestal.http - {:msg "GET /", :line 80}
2023-07-12 20:21:22.790 [qtp2003833558-56] INFO  io.pedestal.http - {:msg "GET /", :line 80}
2023-07-12 20:21:27.048 [qtp2003833558-55] INFO  io.pedestal.http - {:msg "GET /", :line 80}
2023-07-12 20:21:27.443 [qtp2003833558-56] INFO  io.pedestal.http - {:msg "GET /", :line 80}
2023-07-12 20:22:07.332 [qtp2003833558-60] INFO  io.pedestal.http - {:msg "GET /", :line 80}
2023-07-12 20:22:20.546 [qtp2003833558-55] INFO  io.pedestal.http - {:msg "GET /", :line 80}
2023-07-12 20:22:32.989 [qtp2003833558-60] INFO  io.pedestal.http - {:msg "GET /", :line 80}
2023-07-12 20:22:59.967 [qtp2003833558-55] INFO  io.pedestal.http - {:msg "GET /", :line 80}
2023-07-12 20:26:31.652 [qtp2003833558-157] INFO  io.pedestal.http - {:msg "GET /", :line 80}
2023-07-12 20:26:45.387 [qtp2003833558-99] INFO  io.pedestal.http - {:msg "GET /", :line 80}
2023-07-12 20:26:53.752 [qtp2003833558-60] INFO  io.pedestal.http - {:msg "GET /", :line 80}
2023-07-12 20:26:55.998 [qtp2003833558-99] INFO  io.pedestal.http - {:msg "GET /", :line 80}
2023-07-12 20:26:59.544 [qtp2003833558-60] INFO  io.pedestal.http - {:msg "GET /", :line 80}
2023-07-12 20:27:15.441 [qtp2003833558-99] INFO  io.pedestal.http - {:msg "GET /", :line 80}
2023-07-12 20:27:41.147 [qtp2003833558-60] INFO  io.pedestal.http - {:msg "GET /", :line 80}
2023-07-12 20:27:42.719 [qtp2003833558-99] INFO  io.pedestal.http - {:msg "GET /", :line 80}
2023-07-12 20:27:51.207 [qtp2003833558-60] INFO  io.pedestal.http - {:msg "GET /", :line 80}
2023-07-12 20:28:07.883 [qtp2003833558-99] INFO  io.pedestal.http - {:msg "GET /", :line 80}
2023-07-12 20:28:48.325 [qtp2003833558-56] INFO  io.pedestal.http - {:msg "GET /", :line 80}
2023-07-12 20:29:18.225 [qtp2003833558-60] INFO  io.pedestal.http - {:msg "GET /", :line 80}
2023-07-12 20:29:29.972 [qtp2003833558-56] INFO  io.pedestal.http - {:msg "GET /", :line 80}
2023-07-12 20:29:36.314 [qtp2003833558-60] INFO  io.pedestal.http - {:msg "GET /", :line 80}
2023-07-12 20:30:03.840 [qtp2003833558-56] INFO  io.pedestal.http - {:msg "GET /", :line 80}
2023-07-12 20:30:14.931 [qtp2003833558-60] INFO  io.pedestal.http - {:msg "GET /", :line 80}
2023-07-12 20:30:27.112 [qtp2003833558-56] INFO  io.pedestal.http - {:msg "GET /", :line 80}
2023-07-12 20:30:31.581 [qtp2003833558-60] INFO  io.pedestal.http - {:msg "GET /", :line 80}
2023-07-12 20:30:36.832 [qtp2003833558-56] INFO  io.pedestal.http - {:msg "GET /", :line 80}
2023-07-12 20:30:41.652 [qtp2003833558-60] INFO  io.pedestal.http - {:msg "GET /", :line 80}
2023-07-12 20:30:51.264 [qtp2003833558-56] INFO  io.pedestal.http - {:msg "GET /", :line 80}
2023-07-12 20:30:53.187 [qtp2003833558-60] INFO  io.pedestal.http - {:msg "GET /", :line 80}
2023-07-12 20:31:00.685 [qtp2003833558-56] INFO  io.pedestal.http - {:msg "GET /", :line 80}
2023-07-12 20:31:09.832 [qtp2003833558-60] INFO  io.pedestal.http - {:msg "GET /", :line 80}
2023-07-12 20:31:40.917 [qtp2003833558-55] INFO  io.pedestal.http - {:msg "GET /", :line 80}
2023-07-12 20:31:56.708 [qtp2003833558-56] INFO  io.pedestal.http - {:msg "GET /", :line 80}
2023-07-12 20:32:09.964 [qtp2003833558-55] INFO  io.pedestal.http - {:msg "GET /", :line 80}
2023-07-12 20:32:18.635 [qtp2003833558-56] INFO  io.pedestal.http - {:msg "GET /", :line 80}
2023-07-12 20:32:37.107 [qtp2003833558-55] INFO  io.pedestal.http - {:msg "GET /", :line 80}
2023-07-12 20:32:43.749 [qtp2003833558-56] INFO  io.pedestal.http - {:msg "GET /", :line 80}
2023-07-12 20:33:06.152 [qtp2003833558-55] INFO  io.pedestal.http - {:msg "GET /", :line 80}
2023-07-12 20:33:14.748 [qtp2003833558-56] INFO  io.pedestal.http - {:msg "GET /", :line 80}
2023-07-12 20:33:22.586 [qtp2003833558-55] INFO  io.pedestal.http - {:msg "GET /", :line 80}
2023-07-12 20:33:23.342 [qtp2003833558-56] INFO  io.pedestal.http - {:msg "GET /", :line 80}
2023-07-12 20:33:30.259 [qtp2003833558-55] INFO  io.pedestal.http - {:msg "GET /", :line 80}
2023-07-12 20:33:54.701 [qtp2003833558-56] INFO  io.pedestal.http - {:msg "GET /", :line 80}
2023-07-12 20:34:20.241 [qtp2003833558-55] INFO  io.pedestal.http - {:msg "GET /", :line 80}
2023-07-12 20:34:31.654 [qtp2003833558-56] INFO  io.pedestal.http - {:msg "GET /", :line 80}
2023-07-12 20:34:46.624 [qtp2003833558-55] INFO  io.pedestal.http - {:msg "GET /", :line 80}
2023-07-12 20:34:56.740 [qtp2003833558-56] INFO  io.pedestal.http - {:msg "GET /", :line 80}
2023-07-12 20:34:57.248 [qtp2003833558-55] INFO  io.pedestal.http - {:msg "GET /", :line 80}
2023-07-12 20:36:01.444 [qtp2003833558-55] INFO  io.pedestal.http - {:msg "GET /", :line 80}
2023-07-12 20:38:40.590 [qtp2003833558-55] INFO  io.pedestal.http - {:msg "GET /", :line 80}
2023-07-12 20:39:01.076 [qtp2003833558-60] INFO  io.pedestal.http - {:msg "GET /", :line 80}
2023-07-12 20:39:02.755 [qtp2003833558-157] INFO  io.pedestal.http - {:msg "GET /", :line 80}
2023-07-12 20:39:26.143 [qtp2003833558-60] INFO  io.pedestal.http - {:msg "GET /", :line 80}
2023-07-12 20:39:38.540 [qtp2003833558-157] INFO  io.pedestal.http - {:msg "GET /", :line 80}
2023-07-12 20:39:45.492 [qtp2003833558-60] INFO  io.pedestal.http - {:msg "GET /", :line 80}
2023-07-12 20:41:23.401 [qtp2003833558-60] INFO  io.pedestal.http - {:msg "GET /", :line 80}
2023-07-12 20:41:47.152 [qtp2003833558-56] INFO  io.pedestal.http - {:msg "GET /", :line 80}
2023-07-12 20:41:57.397 [qtp2003833558-55] INFO  io.pedestal.http - {:msg "GET /", :line 80}
2023-07-12 20:42:02.838 [qtp2003833558-56] INFO  io.pedestal.http - {:msg "GET /", :line 80}
2023-07-12 20:42:42.268 [qtp2003833558-99] INFO  io.pedestal.http - {:msg "GET /", :line 80}
2023-07-12 20:42:47.115 [qtp2003833558-55] INFO  io.pedestal.http - {:msg "GET /", :line 80}
2023-07-12 20:43:40.029 [qtp2003833558-157] INFO  io.pedestal.http - {:msg "GET /", :line 80}
2023-07-12 20:43:46.565 [qtp2003833558-99] INFO  io.pedestal.http - {:msg "GET /", :line 80}
2023-07-12 21:37:39.311 [nREPL-session-b0f5aed9-8ce2-4f04-a9bc-78974fa888b6] INFO  xtdb.tx - Started tx-ingester
2023-07-12 21:37:49.166 [nREPL-session-b0f5aed9-8ce2-4f04-a9bc-78974fa888b6] INFO  portfolio.web.core - {:msg "Starting Server", :service-map #:io.pedestal.http{:routes ({:path-parts [""], :path-params [], :interceptors [#Interceptor{:name :portfolio.web.handlers.home/home}], :path "/", :method :any, :path-re #"/\Q\E", :route-name :portfolio.web.handlers.home/home} {:path-parts ["" "echo"], :path-params [], :interceptors [#Interceptor{:name :portfolio.web.routes/echo}], :path "/echo", :method :post, :path-re #"/\Qecho\E", :route-name :portfolio.web.routes/echo} {:path-parts ["" "ui" "attachment" "view" :attachment-id], :path-params [:attachment-id], :interceptors [#Interceptor{:name :portfolio.web.handlers.ui/view-attachment}], :path "/ui/attachment/view/:attachment-id", :path-constraints {:attachment-id "([^/]+)"}, :method :get, :path-re #"/\Qui\E/\Qattachment\E/\Qview\E/([^/]+)", :route-name :portfolio.web.handlers.ui/view-attachment} {:path-parts ["" "ui" "validation" :ent :spec], :path-params [:ent :spec], :interceptors [#Interceptor{:name :io.pedestal.http.ring-middlewares/multipart-params} #Interceptor{:name :io.pedestal.http.body-params/body-params} #Interceptor{:name :portfolio.web.handlers.ui/validate}], :path "/ui/validation/:ent/:spec", :path-constraints {:ent "([^/]+)", :spec "([^/]+)"}, :method :post, :path-re #"/\Qui\E/\Qvalidation\E/([^/]+)/([^/]+)", :route-name :portfolio.web.handlers.ui/validate}), :type :jetty, :host "0.0.0.0", :port 8000, :join? false, :resource-path "public", :secure-headers {:content-security-policy-settings {:object-src "none"}}}, :port 7755, :line 27}
2023-07-12 21:37:49.225 [nREPL-session-b0f5aed9-8ce2-4f04-a9bc-78974fa888b6] INFO  org.eclipse.jetty.util.log - Logging initialized @33775ms to org.eclipse.jetty.util.log.Slf4jLog
2023-07-12 21:37:49.382 [nREPL-session-b0f5aed9-8ce2-4f04-a9bc-78974fa888b6] INFO  org.eclipse.jetty.server.Server - jetty-9.4.44.v20210927; built: 2021-09-27T23:02:44.612Z; git: 8da83308eeca865e495e53ef315a249d63ba9332; jvm 19.0.2+7-Ubuntu-0ubuntu322.04
2023-07-12 21:37:49.408 [nREPL-session-b0f5aed9-8ce2-4f04-a9bc-78974fa888b6] INFO  o.e.j.server.handler.ContextHandler - Started o.e.j.s.ServletContextHandler@5ec56cec{/,null,AVAILABLE}
2023-07-12 21:37:49.421 [nREPL-session-b0f5aed9-8ce2-4f04-a9bc-78974fa888b6] INFO  o.e.jetty.server.AbstractConnector - Started ServerConnector@53d51f79{HTTP/1.1, (http/1.1, h2c)}{0.0.0.0:7755}
2023-07-12 21:37:49.422 [nREPL-session-b0f5aed9-8ce2-4f04-a9bc-78974fa888b6] INFO  org.eclipse.jetty.server.Server - Started @33972ms
2023-07-12 21:38:42.223 [qtp1337501726-60] INFO  io.pedestal.http - {:msg "GET /", :line 80}
2023-07-12 21:41:21.879 [qtp1337501726-60] INFO  io.pedestal.http - {:msg "GET /", :line 80}
2023-07-12 21:41:21.899 [qtp1337501726-60] ERROR i.p.http.impl.servlet-interceptor - {:msg "error-ring-response triggered", :context {:response nil, :io.pedestal.interceptor.chain/stack (#Interceptor{:name :io.pedestal.http.impl.servlet-interceptor/stylobate} #Interceptor{:name :io.pedestal.http.impl.servlet-interceptor/terminator-injector}), :request {:protocol "HTTP/1.1", :async-supported? true, :remote-addr "[0:0:0:0:0:0:0:1]", :servlet-response #object[org.eclipse.jetty.server.Response 0x2f34e5a8 "HTTP/1.1 200 \nDate: Wed, 12 Jul 2023 16:11:21 GMT\r\n\r\n"], :servlet #object[io.pedestal.http.servlet.FnServlet 0x4316301a "io.pedestal.http.servlet.FnServlet@4316301a"], :headers {"sec-fetch-site" "none", "sec-ch-ua-mobile" "?0", "host" "localhost:7755", "user-agent" "Mozilla/5.0 (X11; Linux x86_64) AppleWebKit/537.36 (KHTML, like Gecko) Chrome/114.0.0.0 Safari/537.36", "cookie" "ring-session=Naaz7BYFh%2BE%2FkauDYI6ATBIwXdXdzejSG7aH80WUlVG94TQf2gd9K9YHUtGcS%2BGyeUB6VyiAiHQKlOWNc43tunlQfzdvFeQ%2F0j5a5L%2FYPyYVOdtk1uDW6McdXj0vTgEFoqmOscVIGXGhbkzZiX1gzdetitJD9NP5Gor%2Frjhf%2Fc9jNw86N4w3%2BilzdUK%2FwsylJFLtPIBLSe%2FFbVjf92em2A%3D%3D--UjymdeUvjih3N7Vfnf3igb4NfK%2F0xJ63bM%2BIP37mQNY%3D; ops_session=r%2BbnK%2Bk9Cir4DChlYMPryLia2x8uhpb2M8D0VLp58mF%2Fhl%2BiRlQ%2B76Su2qUdCF5F8hKu56aszbSz2y6jsMffesirD3Z68WMaE3THWPtubbq0icKt4oSg46BjVrGQstEj9blaRddp4lwwIElKuCgFxujFpf13HIVpXN%2BBt6NFhzrwnN2M2GzvOr1GAMWnKdLZzQ%2B9IOnnMi%2BFiTuEdNbisc%2BrDF1f9KeLnXKcqS%2BKijZGXSrfFAFLbD9fffnm4CDGVwIZeD9BXc4bOx4aBOu7qc4ws2Ai0kBD4AjkfShtNkc%3D--pzgK%2FmeNvcBfqU4TlXcHFLQUZI%2F0mUClTzhEZWUevGg%3D", "sec-fetch-user" "?1", "sec-ch-ua" "\"Not.A/Brand\";v=\"8\", \"Chromium\";v=\"114\", \"Brave\";v=\"114\"", "sec-ch-ua-platform" "\"Linux\"", "connection" "keep-alive", "upgrade-insecure-requests" "1", "accept" "text/html,application/xhtml+xml,application/xml;q=0.9,image/avif,image/webp,image/apng,*/*;q=0.8", "accept-language" "en-GB,en", "sec-fetch-dest" "document", "accept-encoding" "gzip, deflate, br", "sec-fetch-mode" "navigate", "sec-gpc" "1", "cache-control" "max-age=0"}, :server-port 7755, :servlet-request #object[org.eclipse.jetty.server.Request 0x669ebfbc "Request(GET //localhost:7755/)@669ebfbc"], :path-info "/", :url-for #delay[{:status :pending, :val nil} 0x31fd701a], :uri "/", :server-name "localhost", :query-string nil, :path-params {}, :body #object[org.eclipse.jetty.server.HttpInputOverHTTP 0x39ecca28 "HttpInputOverHTTP@39ecca28[c=0,q=0,[0]=null,s=STREAM]"], :scheme :http, :request-method :get, :context-path ""}, :bindings {#'io.pedestal.http.route/*url-for* #delay[{:status :pending, :val nil} 0x31fd701a]}, :enter-async [#function[io.pedestal.http.impl.servlet-interceptor/start-servlet-async]], :io.pedestal.interceptor.chain/terminators (#function[io.pedestal.http.impl.servlet-interceptor/terminator-inject/fn--52610]), :servlet-response #object[org.eclipse.jetty.server.Response 0x2f34e5a8 "HTTP/1.1 200 \nDate: Wed, 12 Jul 2023 16:11:21 GMT\r\n\r\n"], :route {:path-parts [""], :path-params {}, :interceptors [#Interceptor{:name :portfolio.web.handlers.home/home}], :path "/", :method :any, :path-re #"/\Q\E", :route-name :portfolio.web.handlers.home/home, :io.pedestal.http.route.prefix-tree/satisfies-constraints? #function[clojure.core/constantly/fn--5740]}, :servlet #object[io.pedestal.http.servlet.FnServlet 0x4316301a "io.pedestal.http.servlet.FnServlet@4316301a"], :servlet-request #object[org.eclipse.jetty.server.Request 0x669ebfbc "Request(GET //localhost:7755/)@669ebfbc"], :url-for #delay[{:status :pending, :val nil} 0x31fd701a], :io.pedestal.interceptor.chain/execution-id 2, :servlet-config #object[org.eclipse.jetty.servlet.ServletHolder$Config 0x4b88bbef "org.eclipse.jetty.servlet.ServletHolder$Config@4b88bbef"], :async? #function[io.pedestal.http.impl.servlet-interceptor/servlet-async?]}, :line 253}
clojure.lang.ExceptionInfo: java.lang.IllegalArgumentException in Interceptor :portfolio.web.handlers.home/home - [:span {:style "position:fixed; top:0; left:0; right:0; bottom:0;"} [:div {:style "text-align:center; width:4rem; height:4rem; margin:0; padding:0; border-radius:50%; transform:translate(-50%, -50%); background-color:whitesmoke;"} ([:div "a"])]] is not a valid element name.
	at io.pedestal.interceptor.chain$throwable__GT_ex_info.invokeStatic(chain.clj:35)
	at io.pedestal.interceptor.chain$throwable__GT_ex_info.invoke(chain.clj:32)
	at io.pedestal.interceptor.chain$try_f.invokeStatic(chain.clj:57)
	at io.pedestal.interceptor.chain$try_f.invoke(chain.clj:44)
	at io.pedestal.interceptor.chain$process_all_with_binding.invokeStatic(chain.clj:171)
	at io.pedestal.interceptor.chain$process_all_with_binding.invoke(chain.clj:146)
	at io.pedestal.interceptor.chain$process_all$fn__48641.invoke(chain.clj:188)
	at clojure.lang.AFn.applyToHelper(AFn.java:152)
	at clojure.lang.AFn.applyTo(AFn.java:144)
	at clojure.core$apply.invokeStatic(core.clj:667)
	at clojure.core$with_bindings_STAR_.invokeStatic(core.clj:1990)
	at clojure.core$with_bindings_STAR_.doInvoke(core.clj:1990)
	at clojure.lang.RestFn.invoke(RestFn.java:425)
	at io.pedestal.interceptor.chain$process_all.invokeStatic(chain.clj:186)
	at io.pedestal.interceptor.chain$process_all.invoke(chain.clj:182)
	at io.pedestal.interceptor.chain$enter_all.invokeStatic(chain.clj:235)
	at io.pedestal.interceptor.chain$enter_all.invoke(chain.clj:229)
	at io.pedestal.interceptor.chain$execute.invokeStatic(chain.clj:379)
	at io.pedestal.interceptor.chain$execute.invoke(chain.clj:352)
	at io.pedestal.interceptor.chain$execute.invokeStatic(chain.clj:389)
	at io.pedestal.interceptor.chain$execute.invoke(chain.clj:352)
	at io.pedestal.http.impl.servlet_interceptor$interceptor_service_fn$fn__52635.invoke(servlet_interceptor.clj:351)
	at io.pedestal.http.servlet.FnServlet.service(servlet.clj:28)
	at org.eclipse.jetty.servlet.ServletHolder.handle(ServletHolder.java:799)
	at org.eclipse.jetty.servlet.ServletHandler.doHandle(ServletHandler.java:550)
	at org.eclipse.jetty.server.handler.ScopedHandler.nextHandle(ScopedHandler.java:233)
	at org.eclipse.jetty.server.handler.ContextHandler.doHandle(ContextHandler.java:1434)
	at org.eclipse.jetty.server.handler.ScopedHandler.nextScope(ScopedHandler.java:188)
	at org.eclipse.jetty.servlet.ServletHandler.doScope(ServletHandler.java:501)
	at org.eclipse.jetty.server.handler.ScopedHandler.nextScope(ScopedHandler.java:186)
	at org.eclipse.jetty.server.handler.ContextHandler.doScope(ContextHandler.java:1349)
	at org.eclipse.jetty.server.handler.ScopedHandler.handle(ScopedHandler.java:141)
	at org.eclipse.jetty.server.handler.HandlerWrapper.handle(HandlerWrapper.java:127)
	at org.eclipse.jetty.server.Server.handle(Server.java:516)
	at org.eclipse.jetty.server.HttpChannel.lambda$handle$1(HttpChannel.java:400)
	at org.eclipse.jetty.server.HttpChannel.dispatch(HttpChannel.java:645)
	at org.eclipse.jetty.server.HttpChannel.handle(HttpChannel.java:392)
	at org.eclipse.jetty.server.HttpConnection.onFillable(HttpConnection.java:277)
	at org.eclipse.jetty.io.AbstractConnection$ReadCallback.succeeded(AbstractConnection.java:311)
	at org.eclipse.jetty.io.FillInterest.fillable(FillInterest.java:105)
	at org.eclipse.jetty.io.ChannelEndPoint$1.run(ChannelEndPoint.java:104)
	at org.eclipse.jetty.util.thread.QueuedThreadPool.runJob(QueuedThreadPool.java:883)
	at org.eclipse.jetty.util.thread.QueuedThreadPool$Runner.run(QueuedThreadPool.java:1034)
	at java.base/java.lang.Thread.run(Thread.java:1589)
Caused by: java.lang.IllegalArgumentException: [:span {:style "position:fixed; top:0; left:0; right:0; bottom:0;"} [:div {:style "text-align:center; width:4rem; height:4rem; margin:0; padding:0; border-radius:50%; transform:translate(-50%, -50%); background-color:whitesmoke;"} ([:div "a"])]] is not a valid element name.
	at hiccup.compiler$normalize_element_STAR_.invokeStatic(compiler.clj:102)
	at hiccup.compiler$normalize_element_STAR_.invoke(compiler.clj:99)
	at hiccup.compiler$normalize_element.invokeStatic(compiler.clj:113)
	at hiccup.compiler$normalize_element.invoke(compiler.clj:110)
	at hiccup.compiler$render_element.invokeStatic(compiler.clj:126)
	at hiccup.compiler$render_element.invoke(compiler.clj:123)
	at hiccup.compiler$eval35098$fn__35099.invoke(compiler.clj:136)
	at hiccup.compiler$eval35077$fn__35078$G__35068__35083.invoke(compiler.clj:119)
	at clojure.core$map$fn__5935.invoke(core.clj:2770)
	at clojure.lang.LazySeq.sval(LazySeq.java:42)
	at clojure.lang.LazySeq.seq(LazySeq.java:51)
	at clojure.lang.RT.seq(RT.java:535)
	at clojure.core$seq__5467.invokeStatic(core.clj:139)
	at clojure.core$apply.invokeStatic(core.clj:662)
	at clojure.core$apply.invoke(core.clj:662)
	at hiccup.compiler$eval35102$fn__35103.invoke(compiler.clj:139)
	at hiccup.compiler$eval35077$fn__35078$G__35068__35083.invoke(compiler.clj:119)
	at hiccup.compiler$render_element.invokeStatic(compiler.clj:129)
	at hiccup.compiler$render_element.invoke(compiler.clj:123)
	at hiccup.compiler$eval35098$fn__35099.invoke(compiler.clj:136)
	at hiccup.compiler$eval35077$fn__35078$G__35068__35083.invoke(compiler.clj:119)
	at clojure.core$map$fn__5935.invoke(core.clj:2772)
	at clojure.lang.LazySeq.sval(LazySeq.java:42)
	at clojure.lang.LazySeq.seq(LazySeq.java:51)
	at clojure.lang.RT.seq(RT.java:535)
	at clojure.core$seq__5467.invokeStatic(core.clj:139)
	at clojure.core$apply.invokeStatic(core.clj:662)
	at clojure.core$apply.invoke(core.clj:662)
	at hiccup.compiler$eval35102$fn__35103.invoke(compiler.clj:139)
	at hiccup.compiler$eval35077$fn__35078$G__35068__35083.invoke(compiler.clj:119)
	at clojure.core$map$fn__5935.invoke(core.clj:2772)
	at clojure.lang.LazySeq.sval(LazySeq.java:42)
	at clojure.lang.LazySeq.seq(LazySeq.java:51)
	at clojure.lang.RT.seq(RT.java:535)
	at clojure.core$seq__5467.invokeStatic(core.clj:139)
	at clojure.core$apply.invokeStatic(core.clj:662)
	at clojure.core$apply.invoke(core.clj:662)
	at hiccup.compiler$eval35102$fn__35103.invoke(compiler.clj:139)
	at hiccup.compiler$eval35077$fn__35078$G__35068__35083.invoke(compiler.clj:119)
	at clojure.core$map$fn__5935.invoke(core.clj:2770)
	at clojure.lang.LazySeq.sval(LazySeq.java:42)
	at clojure.lang.LazySeq.seq(LazySeq.java:51)
	at clojure.lang.RT.seq(RT.java:535)
	at clojure.core$seq__5467.invokeStatic(core.clj:139)
	at clojure.core$apply.invokeStatic(core.clj:662)
	at clojure.core$apply.invoke(core.clj:662)
	at hiccup.compiler$eval35102$fn__35103.invoke(compiler.clj:139)
	at hiccup.compiler$eval35077$fn__35078$G__35068__35083.invoke(compiler.clj:119)
	at hiccup.compiler$render_element.invokeStatic(compiler.clj:129)
	at hiccup.compiler$render_element.invoke(compiler.clj:123)
	at hiccup.compiler$eval35098$fn__35099.invoke(compiler.clj:136)
	at hiccup.compiler$eval35077$fn__35078$G__35068__35083.invoke(compiler.clj:119)
	at portfolio.web.handlers.core$res$fn__57706.invoke(core.clj:77)
	at portfolio.web.handlers.core$res.invokeStatic(core.clj:77)
	at portfolio.web.handlers.core$res.doInvoke(core.clj:72)
	at clojure.lang.RestFn.invoke(RestFn.java:425)
	at portfolio.web.handlers.home$fn__57741.invokeStatic(home.clj:9)
	at portfolio.web.handlers.home$fn__57741.invoke(home.clj:7)
	at io.pedestal.interceptor.chain$try_f.invokeStatic(chain.clj:54)
	... 41 common frames omitted
2023-07-12 21:41:21.902 [qtp1337501726-60] INFO  i.p.http.impl.servlet-interceptor - {:msg "sending error", :message "Internal server error: exception", :line 215}
2023-07-12 21:41:21.992 [qtp1337501726-56] INFO  io.pedestal.http - {:msg "GET /favicon.ico", :line 80}
2023-07-12 21:41:24.195 [qtp1337501726-59] INFO  io.pedestal.http - {:msg "GET /", :line 80}
2023-07-12 21:41:24.197 [qtp1337501726-59] ERROR i.p.http.impl.servlet-interceptor - {:msg "error-ring-response triggered", :context {:response nil, :io.pedestal.interceptor.chain/stack (#Interceptor{:name :io.pedestal.http.impl.servlet-interceptor/stylobate} #Interceptor{:name :io.pedestal.http.impl.servlet-interceptor/terminator-injector}), :request {:protocol "HTTP/1.1", :async-supported? true, :remote-addr "[0:0:0:0:0:0:0:1]", :servlet-response #object[org.eclipse.jetty.server.Response 0x2f34e5a8 "HTTP/1.1 200 \nDate: Wed, 12 Jul 2023 16:11:24 GMT\r\n\r\n"], :servlet #object[io.pedestal.http.servlet.FnServlet 0x4316301a "io.pedestal.http.servlet.FnServlet@4316301a"], :headers {"sec-fetch-site" "none", "sec-ch-ua-mobile" "?0", "host" "localhost:7755", "user-agent" "Mozilla/5.0 (X11; Linux x86_64) AppleWebKit/537.36 (KHTML, like Gecko) Chrome/114.0.0.0 Safari/537.36", "cookie" "ring-session=Naaz7BYFh%2BE%2FkauDYI6ATBIwXdXdzejSG7aH80WUlVG94TQf2gd9K9YHUtGcS%2BGyeUB6VyiAiHQKlOWNc43tunlQfzdvFeQ%2F0j5a5L%2FYPyYVOdtk1uDW6McdXj0vTgEFoqmOscVIGXGhbkzZiX1gzdetitJD9NP5Gor%2Frjhf%2Fc9jNw86N4w3%2BilzdUK%2FwsylJFLtPIBLSe%2FFbVjf92em2A%3D%3D--UjymdeUvjih3N7Vfnf3igb4NfK%2F0xJ63bM%2BIP37mQNY%3D; ops_session=r%2BbnK%2Bk9Cir4DChlYMPryLia2x8uhpb2M8D0VLp58mF%2Fhl%2BiRlQ%2B76Su2qUdCF5F8hKu56aszbSz2y6jsMffesirD3Z68WMaE3THWPtubbq0icKt4oSg46BjVrGQstEj9blaRddp4lwwIElKuCgFxujFpf13HIVpXN%2BBt6NFhzrwnN2M2GzvOr1GAMWnKdLZzQ%2B9IOnnMi%2BFiTuEdNbisc%2BrDF1f9KeLnXKcqS%2BKijZGXSrfFAFLbD9fffnm4CDGVwIZeD9BXc4bOx4aBOu7qc4ws2Ai0kBD4AjkfShtNkc%3D--pzgK%2FmeNvcBfqU4TlXcHFLQUZI%2F0mUClTzhEZWUevGg%3D", "sec-fetch-user" "?1", "sec-ch-ua" "\"Not.A/Brand\";v=\"8\", \"Chromium\";v=\"114\", \"Brave\";v=\"114\"", "sec-ch-ua-platform" "\"Linux\"", "connection" "keep-alive", "upgrade-insecure-requests" "1", "accept" "text/html,application/xhtml+xml,application/xml;q=0.9,image/avif,image/webp,image/apng,*/*;q=0.8", "accept-language" "en-GB,en", "sec-fetch-dest" "document", "accept-encoding" "gzip, deflate, br", "sec-fetch-mode" "navigate", "sec-gpc" "1", "cache-control" "max-age=0"}, :server-port 7755, :servlet-request #object[org.eclipse.jetty.server.Request 0x669ebfbc "Request(GET //localhost:7755/)@669ebfbc"], :path-info "/", :url-for #delay[{:status :pending, :val nil} 0x642d9089], :uri "/", :server-name "localhost", :query-string nil, :path-params {}, :body #object[org.eclipse.jetty.server.HttpInputOverHTTP 0x39ecca28 "HttpInputOverHTTP@39ecca28[c=0,q=0,[0]=null,s=STREAM]"], :scheme :http, :request-method :get, :context-path ""}, :bindings {#'io.pedestal.http.route/*url-for* #delay[{:status :pending, :val nil} 0x642d9089]}, :enter-async [#function[io.pedestal.http.impl.servlet-interceptor/start-servlet-async]], :io.pedestal.interceptor.chain/terminators (#function[io.pedestal.http.impl.servlet-interceptor/terminator-inject/fn--52610]), :servlet-response #object[org.eclipse.jetty.server.Response 0x2f34e5a8 "HTTP/1.1 200 \nDate: Wed, 12 Jul 2023 16:11:24 GMT\r\n\r\n"], :route {:path-parts [""], :path-params {}, :interceptors [#Interceptor{:name :portfolio.web.handlers.home/home}], :path "/", :method :any, :path-re #"/\Q\E", :route-name :portfolio.web.handlers.home/home, :io.pedestal.http.route.prefix-tree/satisfies-constraints? #function[clojure.core/constantly/fn--5740]}, :servlet #object[io.pedestal.http.servlet.FnServlet 0x4316301a "io.pedestal.http.servlet.FnServlet@4316301a"], :servlet-request #object[org.eclipse.jetty.server.Request 0x669ebfbc "Request(GET //localhost:7755/)@669ebfbc"], :url-for #delay[{:status :pending, :val nil} 0x642d9089], :io.pedestal.interceptor.chain/execution-id 4, :servlet-config #object[org.eclipse.jetty.servlet.ServletHolder$Config 0x4b88bbef "org.eclipse.jetty.servlet.ServletHolder$Config@4b88bbef"], :async? #function[io.pedestal.http.impl.servlet-interceptor/servlet-async?]}, :line 253}
clojure.lang.ExceptionInfo: java.lang.IllegalArgumentException in Interceptor :portfolio.web.handlers.home/home - [:span {:style "position:fixed; top:0; left:0; right:0; bottom:0;"} [:div {:style "text-align:center; width:4rem; height:4rem; margin:0; padding:0; border-radius:50%; transform:translate(-50%, -50%); background-color:whitesmoke;"} ([:div "a"])]] is not a valid element name.
	at io.pedestal.interceptor.chain$throwable__GT_ex_info.invokeStatic(chain.clj:35)
	at io.pedestal.interceptor.chain$throwable__GT_ex_info.invoke(chain.clj:32)
	at io.pedestal.interceptor.chain$try_f.invokeStatic(chain.clj:57)
	at io.pedestal.interceptor.chain$try_f.invoke(chain.clj:44)
	at io.pedestal.interceptor.chain$process_all_with_binding.invokeStatic(chain.clj:171)
	at io.pedestal.interceptor.chain$process_all_with_binding.invoke(chain.clj:146)
	at io.pedestal.interceptor.chain$process_all$fn__48641.invoke(chain.clj:188)
	at clojure.lang.AFn.applyToHelper(AFn.java:152)
	at clojure.lang.AFn.applyTo(AFn.java:144)
	at clojure.core$apply.invokeStatic(core.clj:667)
	at clojure.core$with_bindings_STAR_.invokeStatic(core.clj:1990)
	at clojure.core$with_bindings_STAR_.doInvoke(core.clj:1990)
	at clojure.lang.RestFn.invoke(RestFn.java:425)
	at io.pedestal.interceptor.chain$process_all.invokeStatic(chain.clj:186)
	at io.pedestal.interceptor.chain$process_all.invoke(chain.clj:182)
	at io.pedestal.interceptor.chain$enter_all.invokeStatic(chain.clj:235)
	at io.pedestal.interceptor.chain$enter_all.invoke(chain.clj:229)
	at io.pedestal.interceptor.chain$execute.invokeStatic(chain.clj:379)
	at io.pedestal.interceptor.chain$execute.invoke(chain.clj:352)
	at io.pedestal.interceptor.chain$execute.invokeStatic(chain.clj:389)
	at io.pedestal.interceptor.chain$execute.invoke(chain.clj:352)
	at io.pedestal.http.impl.servlet_interceptor$interceptor_service_fn$fn__52635.invoke(servlet_interceptor.clj:351)
	at io.pedestal.http.servlet.FnServlet.service(servlet.clj:28)
	at org.eclipse.jetty.servlet.ServletHolder.handle(ServletHolder.java:799)
	at org.eclipse.jetty.servlet.ServletHandler.doHandle(ServletHandler.java:550)
	at org.eclipse.jetty.server.handler.ScopedHandler.nextHandle(ScopedHandler.java:233)
	at org.eclipse.jetty.server.handler.ContextHandler.doHandle(ContextHandler.java:1434)
	at org.eclipse.jetty.server.handler.ScopedHandler.nextScope(ScopedHandler.java:188)
	at org.eclipse.jetty.servlet.ServletHandler.doScope(ServletHandler.java:501)
	at org.eclipse.jetty.server.handler.ScopedHandler.nextScope(ScopedHandler.java:186)
	at org.eclipse.jetty.server.handler.ContextHandler.doScope(ContextHandler.java:1349)
	at org.eclipse.jetty.server.handler.ScopedHandler.handle(ScopedHandler.java:141)
	at org.eclipse.jetty.server.handler.HandlerWrapper.handle(HandlerWrapper.java:127)
	at org.eclipse.jetty.server.Server.handle(Server.java:516)
	at org.eclipse.jetty.server.HttpChannel.lambda$handle$1(HttpChannel.java:400)
	at org.eclipse.jetty.server.HttpChannel.dispatch(HttpChannel.java:645)
	at org.eclipse.jetty.server.HttpChannel.handle(HttpChannel.java:392)
	at org.eclipse.jetty.server.HttpConnection.onFillable(HttpConnection.java:277)
	at org.eclipse.jetty.io.AbstractConnection$ReadCallback.succeeded(AbstractConnection.java:311)
	at org.eclipse.jetty.io.FillInterest.fillable(FillInterest.java:105)
	at org.eclipse.jetty.io.ChannelEndPoint$1.run(ChannelEndPoint.java:104)
	at org.eclipse.jetty.util.thread.strategy.EatWhatYouKill.runTask(EatWhatYouKill.java:338)
	at org.eclipse.jetty.util.thread.strategy.EatWhatYouKill.doProduce(EatWhatYouKill.java:315)
	at org.eclipse.jetty.util.thread.strategy.EatWhatYouKill.tryProduce(EatWhatYouKill.java:173)
	at org.eclipse.jetty.util.thread.strategy.EatWhatYouKill.run(EatWhatYouKill.java:131)
	at org.eclipse.jetty.util.thread.ReservedThreadExecutor$ReservedThread.run(ReservedThreadExecutor.java:409)
	at org.eclipse.jetty.util.thread.QueuedThreadPool.runJob(QueuedThreadPool.java:883)
	at org.eclipse.jetty.util.thread.QueuedThreadPool$Runner.run(QueuedThreadPool.java:1034)
	at java.base/java.lang.Thread.run(Thread.java:1589)
Caused by: java.lang.IllegalArgumentException: [:span {:style "position:fixed; top:0; left:0; right:0; bottom:0;"} [:div {:style "text-align:center; width:4rem; height:4rem; margin:0; padding:0; border-radius:50%; transform:translate(-50%, -50%); background-color:whitesmoke;"} ([:div "a"])]] is not a valid element name.
	at hiccup.compiler$normalize_element_STAR_.invokeStatic(compiler.clj:102)
	at hiccup.compiler$normalize_element_STAR_.invoke(compiler.clj:99)
	at hiccup.compiler$normalize_element.invokeStatic(compiler.clj:113)
	at hiccup.compiler$normalize_element.invoke(compiler.clj:110)
	at hiccup.compiler$render_element.invokeStatic(compiler.clj:126)
	at hiccup.compiler$render_element.invoke(compiler.clj:123)
	at hiccup.compiler$eval35098$fn__35099.invoke(compiler.clj:136)
	at hiccup.compiler$eval35077$fn__35078$G__35068__35083.invoke(compiler.clj:119)
	at clojure.core$map$fn__5935.invoke(core.clj:2770)
	at clojure.lang.LazySeq.sval(LazySeq.java:42)
	at clojure.lang.LazySeq.seq(LazySeq.java:51)
	at clojure.lang.RT.seq(RT.java:535)
	at clojure.core$seq__5467.invokeStatic(core.clj:139)
	at clojure.core$apply.invokeStatic(core.clj:662)
	at clojure.core$apply.invoke(core.clj:662)
	at hiccup.compiler$eval35102$fn__35103.invoke(compiler.clj:139)
	at hiccup.compiler$eval35077$fn__35078$G__35068__35083.invoke(compiler.clj:119)
	at hiccup.compiler$render_element.invokeStatic(compiler.clj:129)
	at hiccup.compiler$render_element.invoke(compiler.clj:123)
	at hiccup.compiler$eval35098$fn__35099.invoke(compiler.clj:136)
	at hiccup.compiler$eval35077$fn__35078$G__35068__35083.invoke(compiler.clj:119)
	at clojure.core$map$fn__5935.invoke(core.clj:2772)
	at clojure.lang.LazySeq.sval(LazySeq.java:42)
	at clojure.lang.LazySeq.seq(LazySeq.java:51)
	at clojure.lang.RT.seq(RT.java:535)
	at clojure.core$seq__5467.invokeStatic(core.clj:139)
	at clojure.core$apply.invokeStatic(core.clj:662)
	at clojure.core$apply.invoke(core.clj:662)
	at hiccup.compiler$eval35102$fn__35103.invoke(compiler.clj:139)
	at hiccup.compiler$eval35077$fn__35078$G__35068__35083.invoke(compiler.clj:119)
	at clojure.core$map$fn__5935.invoke(core.clj:2772)
	at clojure.lang.LazySeq.sval(LazySeq.java:42)
	at clojure.lang.LazySeq.seq(LazySeq.java:51)
	at clojure.lang.RT.seq(RT.java:535)
	at clojure.core$seq__5467.invokeStatic(core.clj:139)
	at clojure.core$apply.invokeStatic(core.clj:662)
	at clojure.core$apply.invoke(core.clj:662)
	at hiccup.compiler$eval35102$fn__35103.invoke(compiler.clj:139)
	at hiccup.compiler$eval35077$fn__35078$G__35068__35083.invoke(compiler.clj:119)
	at clojure.core$map$fn__5935.invoke(core.clj:2770)
	at clojure.lang.LazySeq.sval(LazySeq.java:42)
	at clojure.lang.LazySeq.seq(LazySeq.java:51)
	at clojure.lang.RT.seq(RT.java:535)
	at clojure.core$seq__5467.invokeStatic(core.clj:139)
	at clojure.core$apply.invokeStatic(core.clj:662)
	at clojure.core$apply.invoke(core.clj:662)
	at hiccup.compiler$eval35102$fn__35103.invoke(compiler.clj:139)
	at hiccup.compiler$eval35077$fn__35078$G__35068__35083.invoke(compiler.clj:119)
	at hiccup.compiler$render_element.invokeStatic(compiler.clj:129)
	at hiccup.compiler$render_element.invoke(compiler.clj:123)
	at hiccup.compiler$eval35098$fn__35099.invoke(compiler.clj:136)
	at hiccup.compiler$eval35077$fn__35078$G__35068__35083.invoke(compiler.clj:119)
	at portfolio.web.handlers.core$res$fn__57706.invoke(core.clj:77)
	at portfolio.web.handlers.core$res.invokeStatic(core.clj:77)
	at portfolio.web.handlers.core$res.doInvoke(core.clj:72)
	at clojure.lang.RestFn.invoke(RestFn.java:425)
	at portfolio.web.handlers.home$fn__57741.invokeStatic(home.clj:9)
	at portfolio.web.handlers.home$fn__57741.invoke(home.clj:7)
	at io.pedestal.interceptor.chain$try_f.invokeStatic(chain.clj:54)
	... 46 common frames omitted
2023-07-12 21:41:24.198 [qtp1337501726-59] INFO  i.p.http.impl.servlet-interceptor - {:msg "sending error", :message "Internal server error: exception", :line 215}
2023-07-12 21:42:38.513 [qtp1337501726-59] INFO  io.pedestal.http - {:msg "GET /", :line 80}
2023-07-12 21:45:29.632 [qtp1337501726-59] INFO  io.pedestal.http - {:msg "GET /", :line 80}
2023-07-12 21:45:32.491 [qtp1337501726-55] INFO  io.pedestal.http - {:msg "GET /", :line 80}
2023-07-12 21:45:41.103 [qtp1337501726-58] INFO  io.pedestal.http - {:msg "GET /", :line 80}
2023-07-12 21:46:18.713 [qtp1337501726-61] INFO  io.pedestal.http - {:msg "GET /", :line 80}
2023-07-12 21:46:20.599 [qtp1337501726-60] INFO  io.pedestal.http - {:msg "GET /", :line 80}
2023-07-12 21:46:20.898 [qtp1337501726-61] INFO  io.pedestal.http - {:msg "GET /", :line 80}
2023-07-12 21:46:25.754 [qtp1337501726-60] INFO  io.pedestal.http - {:msg "GET /", :line 80}
2023-07-12 21:46:52.533 [qtp1337501726-61] INFO  io.pedestal.http - {:msg "GET /", :line 80}
2023-07-12 21:46:53.044 [qtp1337501726-60] INFO  io.pedestal.http - {:msg "GET /", :line 80}
2023-07-12 21:47:04.796 [qtp1337501726-61] INFO  io.pedestal.http - {:msg "GET /", :line 80}
2023-07-12 21:47:05.484 [qtp1337501726-60] INFO  io.pedestal.http - {:msg "GET /", :line 80}
2023-07-12 21:47:37.764 [qtp1337501726-54] INFO  io.pedestal.http - {:msg "GET /", :line 80}
2023-07-12 21:47:45.119 [qtp1337501726-61] INFO  io.pedestal.http - {:msg "GET /", :line 80}
2023-07-12 21:48:57.215 [qtp1337501726-61] INFO  io.pedestal.http - {:msg "GET /", :line 80}
2023-07-12 21:49:03.569 [qtp1337501726-58] INFO  io.pedestal.http - {:msg "GET /", :line 80}
2023-07-12 21:49:11.932 [qtp1337501726-55] INFO  io.pedestal.http - {:msg "GET /", :line 80}
2023-07-12 21:49:29.463 [qtp1337501726-58] INFO  io.pedestal.http - {:msg "GET /", :line 80}
2023-07-12 21:50:00.594 [qtp1337501726-60] INFO  io.pedestal.http - {:msg "GET /", :line 80}
2023-07-12 21:50:22.397 [qtp1337501726-55] INFO  io.pedestal.http - {:msg "GET /", :line 80}
2023-07-12 21:51:17.036 [qtp1337501726-59] INFO  io.pedestal.http - {:msg "GET /", :line 80}
2023-07-12 21:51:41.891 [qtp1337501726-60] INFO  io.pedestal.http - {:msg "GET /", :line 80}
2023-07-12 21:51:52.302 [qtp1337501726-59] INFO  io.pedestal.http - {:msg "GET /", :line 80}
2023-07-12 21:52:28.171 [qtp1337501726-58] INFO  io.pedestal.http - {:msg "GET /", :line 80}
2023-07-12 21:52:36.983 [qtp1337501726-60] INFO  io.pedestal.http - {:msg "GET /", :line 80}
2023-07-12 21:52:57.879 [qtp1337501726-58] INFO  io.pedestal.http - {:msg "GET /", :line 80}
2023-07-12 21:52:58.397 [qtp1337501726-60] INFO  io.pedestal.http - {:msg "GET /", :line 80}
2023-07-12 21:52:58.595 [qtp1337501726-58] INFO  io.pedestal.http - {:msg "GET /", :line 80}
2023-07-12 21:52:58.801 [qtp1337501726-60] INFO  io.pedestal.http - {:msg "GET /", :line 80}
2023-07-12 21:52:58.980 [qtp1337501726-58] INFO  io.pedestal.http - {:msg "GET /", :line 80}
2023-07-12 21:53:17.226 [qtp1337501726-60] INFO  io.pedestal.http - {:msg "GET /", :line 80}
2023-07-12 21:53:23.562 [qtp1337501726-58] INFO  io.pedestal.http - {:msg "GET /", :line 80}
2023-07-12 21:53:33.861 [qtp1337501726-60] INFO  io.pedestal.http - {:msg "GET /", :line 80}
2023-07-12 21:53:41.683 [qtp1337501726-58] INFO  io.pedestal.http - {:msg "GET /", :line 80}
2023-07-12 21:53:51.327 [qtp1337501726-60] INFO  io.pedestal.http - {:msg "GET /", :line 80}
2023-07-12 21:54:02.004 [qtp1337501726-58] INFO  io.pedestal.http - {:msg "GET /", :line 80}
2023-07-12 21:54:17.679 [qtp1337501726-60] INFO  io.pedestal.http - {:msg "GET /", :line 80}
2023-07-12 21:55:41.350 [qtp1337501726-60] INFO  io.pedestal.http - {:msg "GET /", :line 80}
2023-07-12 21:55:47.359 [qtp1337501726-55] INFO  io.pedestal.http - {:msg "GET /", :line 80}
2023-07-12 21:55:53.494 [qtp1337501726-61] INFO  io.pedestal.http - {:msg "GET /", :line 80}
2023-07-12 21:56:01.048 [qtp1337501726-55] INFO  io.pedestal.http - {:msg "GET /", :line 80}
2023-07-12 21:56:06.980 [qtp1337501726-61] INFO  io.pedestal.http - {:msg "GET /", :line 80}
2023-07-12 21:56:19.271 [qtp1337501726-55] INFO  io.pedestal.http - {:msg "GET /", :line 80}
2023-07-12 21:58:12.353 [qtp1337501726-60] INFO  io.pedestal.http - {:msg "GET /", :line 80}
2023-07-12 21:58:46.520 [qtp1337501726-58] INFO  io.pedestal.http - {:msg "GET /", :line 80}
2023-07-12 22:01:07.372 [qtp1337501726-58] INFO  io.pedestal.http - {:msg "GET /", :line 80}
2023-07-12 22:01:09.280 [qtp1337501726-61] INFO  io.pedestal.http - {:msg "GET /", :line 80}
2023-07-12 22:01:37.336 [qtp1337501726-55] INFO  io.pedestal.http - {:msg "GET /", :line 80}
2023-07-12 22:01:58.212 [qtp1337501726-61] INFO  io.pedestal.http - {:msg "GET /", :line 80}
2023-07-12 22:02:24.566 [qtp1337501726-55] INFO  io.pedestal.http - {:msg "GET /", :line 80}
2023-07-12 22:02:26.496 [qtp1337501726-61] INFO  io.pedestal.http - {:msg "GET /", :line 80}
2023-07-12 22:02:26.699 [qtp1337501726-55] INFO  io.pedestal.http - {:msg "GET /", :line 80}
2023-07-12 22:02:37.300 [qtp1337501726-61] INFO  io.pedestal.http - {:msg "GET /", :line 80}
2023-07-12 22:02:37.847 [qtp1337501726-55] INFO  io.pedestal.http - {:msg "GET /", :line 80}
2023-07-12 22:02:44.093 [qtp1337501726-61] INFO  io.pedestal.http - {:msg "GET /", :line 80}
2023-07-12 22:04:45.535 [qtp1337501726-55] INFO  io.pedestal.http - {:msg "GET /", :line 80}
2023-07-12 22:04:52.908 [qtp1337501726-54] INFO  io.pedestal.http - {:msg "GET /", :line 80}
2023-07-12 22:05:02.360 [qtp1337501726-58] INFO  io.pedestal.http - {:msg "GET /", :line 80}
2023-07-12 22:05:10.852 [qtp1337501726-54] INFO  io.pedestal.http - {:msg "GET /", :line 80}
2023-07-12 22:05:18.176 [qtp1337501726-58] INFO  io.pedestal.http - {:msg "GET /", :line 80}
2023-07-12 22:05:23.545 [qtp1337501726-54] INFO  io.pedestal.http - {:msg "GET /", :line 80}
2023-07-12 22:05:32.050 [qtp1337501726-58] INFO  io.pedestal.http - {:msg "GET /", :line 80}
2023-07-12 22:05:47.274 [qtp1337501726-54] INFO  io.pedestal.http - {:msg "GET /", :line 80}
2023-07-12 22:05:52.863 [qtp1337501726-58] INFO  io.pedestal.http - {:msg "GET /", :line 80}
2023-07-12 22:06:05.996 [qtp1337501726-54] INFO  io.pedestal.http - {:msg "GET /", :line 80}
2023-07-12 22:06:14.742 [qtp1337501726-58] INFO  io.pedestal.http - {:msg "GET /", :line 80}
2023-07-12 22:06:24.770 [qtp1337501726-54] INFO  io.pedestal.http - {:msg "GET /", :line 80}
2023-07-12 22:07:49.195 [qtp1337501726-59] INFO  io.pedestal.http - {:msg "GET /", :line 80}
2023-07-12 22:07:56.471 [qtp1337501726-58] INFO  io.pedestal.http - {:msg "GET /", :line 80}
2023-07-12 22:08:02.149 [qtp1337501726-59] INFO  io.pedestal.http - {:msg "GET /", :line 80}
2023-07-12 22:09:12.108 [qtp1337501726-59] INFO  io.pedestal.http - {:msg "GET /", :line 80}
2023-07-12 22:09:30.117 [qtp1337501726-61] INFO  io.pedestal.http - {:msg "GET /", :line 80}
2023-07-12 22:09:37.987 [qtp1337501726-56] INFO  io.pedestal.http - {:msg "GET /", :line 80}
2023-07-12 22:09:43.831 [qtp1337501726-61] INFO  io.pedestal.http - {:msg "GET /", :line 80}
2023-07-12 22:09:44.644 [qtp1337501726-56] INFO  io.pedestal.http - {:msg "GET /", :line 80}
2023-07-12 22:09:44.973 [qtp1337501726-61] INFO  io.pedestal.http - {:msg "GET /", :line 80}
2023-07-12 22:10:06.771 [qtp1337501726-56] INFO  io.pedestal.http - {:msg "GET /", :line 80}
2023-07-12 22:10:12.089 [qtp1337501726-61] INFO  io.pedestal.http - {:msg "GET /", :line 80}
2023-07-12 22:10:16.580 [qtp1337501726-56] INFO  io.pedestal.http - {:msg "GET /", :line 80}
2023-07-12 22:10:24.052 [qtp1337501726-61] INFO  io.pedestal.http - {:msg "GET /", :line 80}
2023-07-12 22:10:24.757 [qtp1337501726-56] INFO  io.pedestal.http - {:msg "GET /", :line 80}
2023-07-12 22:10:30.729 [qtp1337501726-61] INFO  io.pedestal.http - {:msg "GET /", :line 80}
2023-07-12 22:10:31.111 [qtp1337501726-56] INFO  io.pedestal.http - {:msg "GET /", :line 80}
2023-07-12 22:10:36.598 [qtp1337501726-61] INFO  io.pedestal.http - {:msg "GET /", :line 80}
2023-07-12 22:10:42.281 [qtp1337501726-56] INFO  io.pedestal.http - {:msg "GET /", :line 80}
2023-07-12 22:11:04.720 [qtp1337501726-61] INFO  io.pedestal.http - {:msg "GET /", :line 80}
2023-07-12 22:11:05.223 [qtp1337501726-56] INFO  io.pedestal.http - {:msg "GET /", :line 80}
2023-07-12 22:11:09.596 [qtp1337501726-61] INFO  io.pedestal.http - {:msg "GET /", :line 80}
2023-07-12 22:11:14.188 [qtp1337501726-56] INFO  io.pedestal.http - {:msg "GET /", :line 80}
2023-07-12 22:11:42.307 [qtp1337501726-61] INFO  io.pedestal.http - {:msg "GET /", :line 80}
2023-07-12 22:12:03.422 [qtp1337501726-56] INFO  io.pedestal.http - {:msg "GET /", :line 80}
2023-07-12 22:12:13.279 [qtp1337501726-61] INFO  io.pedestal.http - {:msg "GET /", :line 80}
2023-07-12 22:12:20.063 [qtp1337501726-56] INFO  io.pedestal.http - {:msg "GET /", :line 80}
2023-07-12 22:12:40.493 [qtp1337501726-61] INFO  io.pedestal.http - {:msg "GET /", :line 80}
2023-07-12 22:12:46.675 [qtp1337501726-56] INFO  io.pedestal.http - {:msg "GET /", :line 80}
2023-07-12 22:12:53.188 [qtp1337501726-61] INFO  io.pedestal.http - {:msg "GET /", :line 80}
2023-07-12 22:12:59.840 [qtp1337501726-56] INFO  io.pedestal.http - {:msg "GET /", :line 80}
2023-07-12 22:13:01.152 [qtp1337501726-61] INFO  io.pedestal.http - {:msg "GET /", :line 80}
2023-07-12 22:13:01.351 [qtp1337501726-56] INFO  io.pedestal.http - {:msg "GET /", :line 80}
2023-07-12 22:13:01.553 [qtp1337501726-61] INFO  io.pedestal.http - {:msg "GET /", :line 80}
2023-07-12 22:13:01.751 [qtp1337501726-56] INFO  io.pedestal.http - {:msg "GET /", :line 80}
2023-07-12 22:13:01.936 [qtp1337501726-61] INFO  io.pedestal.http - {:msg "GET /", :line 80}
2023-07-12 22:13:02.111 [qtp1337501726-56] INFO  io.pedestal.http - {:msg "GET /", :line 80}
2023-07-12 22:14:12.369 [qtp1337501726-54] INFO  io.pedestal.http - {:msg "GET /", :line 80}
2023-07-12 22:14:20.506 [qtp1337501726-61] INFO  io.pedestal.http - {:msg "GET /", :line 80}
2023-07-12 22:14:27.954 [qtp1337501726-54] INFO  io.pedestal.http - {:msg "GET /", :line 80}
2023-07-12 22:14:33.506 [qtp1337501726-61] INFO  io.pedestal.http - {:msg "GET /", :line 80}
2023-07-12 22:14:55.682 [qtp1337501726-54] INFO  io.pedestal.http - {:msg "GET /", :line 80}
2023-07-12 22:15:19.304 [qtp1337501726-61] INFO  io.pedestal.http - {:msg "GET /", :line 80}
2023-07-12 22:15:25.628 [qtp1337501726-54] INFO  io.pedestal.http - {:msg "GET /", :line 80}
2023-07-12 22:15:33.980 [qtp1337501726-61] INFO  io.pedestal.http - {:msg "GET /", :line 80}
2023-07-12 22:15:34.385 [qtp1337501726-54] INFO  io.pedestal.http - {:msg "GET /", :line 80}
2023-07-12 22:24:13.977 [qtp1337501726-59] INFO  io.pedestal.http - {:msg "GET /", :line 80}
2023-07-12 22:24:16.492 [qtp1337501726-58] INFO  io.pedestal.http - {:msg "GET /", :line 80}
2023-07-12 22:24:16.894 [qtp1337501726-54] INFO  io.pedestal.http - {:msg "GET /", :line 80}
2023-07-12 22:24:39.875 [qtp1337501726-58] INFO  io.pedestal.http - {:msg "GET /", :line 80}
2023-07-12 22:24:55.240 [qtp1337501726-54] INFO  io.pedestal.http - {:msg "GET /", :line 80}
2023-07-12 22:25:23.763 [qtp1337501726-58] INFO  io.pedestal.http - {:msg "GET /", :line 80}
2023-07-12 22:37:57.179 [qtp1337501726-58] INFO  io.pedestal.http - {:msg "GET /", :line 80}
2023-07-12 22:38:07.777 [qtp1337501726-61] INFO  io.pedestal.http - {:msg "GET /", :line 80}
2023-07-12 22:38:07.808 [qtp1337501726-60] INFO  io.pedestal.http - {:msg "GET /css/main.css", :line 80}
2023-07-12 22:38:07.809 [qtp1337501726-174] INFO  io.pedestal.http - {:msg "GET /js/hyperscript@0.9.7.min.js", :line 80}
2023-07-12 22:38:07.809 [qtp1337501726-56] INFO  io.pedestal.http - {:msg "GET /js/htmx@1.8.4.min.js", :line 80}
2023-07-12 22:38:07.809 [qtp1337501726-54] INFO  io.pedestal.http - {:msg "GET /css/pico-1.5.10/css/pico.min.css", :line 80}
2023-07-12 22:38:07.812 [qtp1337501726-176] INFO  io.pedestal.http - {:msg "GET /js/main.js", :line 80}
2023-07-12 22:38:08.126 [qtp1337501726-61] INFO  io.pedestal.http - {:msg "GET /img/logo.png", :line 80}
2023-07-12 22:39:39.359 [qtp1337501726-175] INFO  io.pedestal.http - {:msg "GET /", :line 80}
2023-07-12 22:41:40.526 [qtp1337501726-55] INFO  io.pedestal.http - {:msg "GET /", :line 80}
2023-07-12 22:41:52.959 [qtp1337501726-59] INFO  io.pedestal.http - {:msg "GET /", :line 80}
2023-07-12 22:43:40.210 [qtp1337501726-59] INFO  io.pedestal.http - {:msg "GET /", :line 80}
2023-07-12 22:43:40.236 [qtp1337501726-60] INFO  io.pedestal.http - {:msg "GET /css/main.css", :line 80}
2023-07-12 22:44:08.587 [qtp1337501726-176] INFO  io.pedestal.http - {:msg "GET /", :line 80}
2023-07-12 22:44:09.370 [qtp1337501726-60] INFO  io.pedestal.http - {:msg "GET /", :line 80}
2023-07-12 22:44:37.999 [qtp1337501726-176] INFO  io.pedestal.http - {:msg "GET /", :line 80}
2023-07-12 22:44:39.954 [qtp1337501726-60] INFO  io.pedestal.http - {:msg "GET /", :line 80}
2023-07-12 22:45:17.959 [qtp1337501726-61] INFO  io.pedestal.http - {:msg "GET /", :line 80}
2023-07-12 22:45:18.307 [qtp1337501726-176] INFO  io.pedestal.http - {:msg "GET /", :line 80}
2023-07-12 22:54:43.033 [qtp1337501726-176] INFO  io.pedestal.http - {:msg "GET /css/main.css", :line 80}
2023-07-12 22:54:43.104 [qtp1337501726-56] INFO  io.pedestal.http - {:msg "GET /css/pico-1.5.10/css/pico.min.css.map", :line 80}
2023-07-12 22:54:56.213 [qtp1337501726-173] INFO  io.pedestal.http - {:msg "GET /", :line 80}
2023-07-12 22:55:02.896 [qtp1337501726-56] INFO  io.pedestal.http - {:msg "GET /", :line 80}
2023-07-12 22:55:03.278 [qtp1337501726-173] INFO  io.pedestal.http - {:msg "GET /", :line 80}
2023-07-12 22:55:38.333 [qtp1337501726-60] INFO  io.pedestal.http - {:msg "GET /", :line 80}
2023-07-12 22:55:38.721 [qtp1337501726-56] INFO  io.pedestal.http - {:msg "GET /", :line 80}
2023-07-12 22:55:45.727 [qtp1337501726-60] INFO  io.pedestal.http - {:msg "GET /", :line 80}
2023-07-12 22:56:01.650 [qtp1337501726-56] INFO  io.pedestal.http - {:msg "GET /", :line 80}
2023-07-12 22:56:35.072 [qtp1337501726-61] INFO  io.pedestal.http - {:msg "GET /", :line 80}
2023-07-12 22:57:24.403 [qtp1337501726-173] INFO  io.pedestal.http - {:msg "GET /", :line 80}
2023-07-12 22:57:26.604 [qtp1337501726-60] INFO  io.pedestal.http - {:msg "GET /ui/corner-bubble/mouseenter", :line 80}
2023-07-12 22:57:28.524 [qtp1337501726-173] INFO  io.pedestal.http - {:msg "GET /ui/corner-bubble/mouseenter", :line 80}
2023-07-12 22:57:30.565 [qtp1337501726-60] INFO  io.pedestal.http - {:msg "GET /ui/corner-bubble/mouseenter", :line 80}
2023-07-12 22:57:31.657 [qtp1337501726-173] INFO  io.pedestal.http - {:msg "GET /ui/corner-bubble/mouseenter", :line 80}
2023-07-12 23:01:31.476 [qtp1337501726-55] INFO  io.pedestal.http - {:msg "GET /ui/corner-bubble/mouseenter", :line 80}
2023-07-12 23:01:33.902 [qtp1337501726-56] INFO  io.pedestal.http - {:msg "GET /ui/corner-bubble/mouseenter", :line 80}
2023-07-12 23:01:35.865 [qtp1337501726-176] INFO  io.pedestal.http - {:msg "GET /ui/corner-bubble/mouseenter", :line 80}
2023-07-12 23:01:38.733 [qtp1337501726-56] INFO  io.pedestal.http - {:msg "GET /ui/corner-bubble/mouseenter", :line 80}
2023-07-12 23:01:55.644 [qtp1337501726-176] INFO  io.pedestal.http - {:msg "GET /css/main.css", :line 80}
2023-07-12 23:04:06.936 [qtp1337501726-176] INFO  io.pedestal.http - {:msg "GET /ui/corner-bubble/mouseenter", :line 80}
2023-07-12 23:05:44.499 [qtp1337501726-60] INFO  io.pedestal.http - {:msg "GET /", :line 80}
2023-07-12 23:05:45.019 [qtp1337501726-61] INFO  io.pedestal.http - {:msg "GET /", :line 80}
2023-07-12 23:05:45.227 [qtp1337501726-60] INFO  io.pedestal.http - {:msg "GET /", :line 80}
2023-07-12 23:05:45.390 [qtp1337501726-61] INFO  io.pedestal.http - {:msg "GET /", :line 80}
2023-07-12 23:06:06.816 [qtp1337501726-60] INFO  io.pedestal.http - {:msg "GET /", :line 80}
2023-07-12 23:06:07.636 [qtp1337501726-61] INFO  io.pedestal.http - {:msg "GET /", :line 80}
2023-07-12 23:06:07.932 [qtp1337501726-60] INFO  io.pedestal.http - {:msg "GET /", :line 80}
2023-07-12 23:06:08.136 [qtp1337501726-61] INFO  io.pedestal.http - {:msg "GET /", :line 80}
2023-07-12 23:06:16.674 [qtp1337501726-60] INFO  io.pedestal.http - {:msg "GET /", :line 80}
2023-07-12 23:06:31.816 [qtp1337501726-61] INFO  io.pedestal.http - {:msg "GET /", :line 80}
2023-07-12 23:06:35.907 [qtp1337501726-60] INFO  io.pedestal.http - {:msg "GET /ui/corner-bubble/mouseenter", :line 80}
2023-07-12 23:06:37.382 [qtp1337501726-61] INFO  io.pedestal.http - {:msg "GET /", :line 80}
2023-07-12 23:06:37.745 [qtp1337501726-60] INFO  io.pedestal.http - {:msg "GET /", :line 80}
2023-07-12 23:07:59.728 [qtp1337501726-60] INFO  io.pedestal.http - {:msg "GET /", :line 80}
2023-07-12 23:08:02.918 [qtp1337501726-56] INFO  io.pedestal.http - {:msg "GET /", :line 80}
2023-07-12 23:08:03.201 [qtp1337501726-173] INFO  io.pedestal.http - {:msg "GET /", :line 80}
2023-07-12 23:08:03.411 [qtp1337501726-56] INFO  io.pedestal.http - {:msg "GET /", :line 80}
2023-07-12 23:08:03.603 [qtp1337501726-173] INFO  io.pedestal.http - {:msg "GET /", :line 80}
2023-07-12 23:08:08.033 [qtp1337501726-56] INFO  io.pedestal.http - {:msg "GET /ui/corner-bubble/mouseenter", :line 80}
2023-07-12 23:09:01.125 [qtp1337501726-59] INFO  io.pedestal.http - {:msg "GET /", :line 80}
2023-07-12 23:09:01.144 [qtp1337501726-173] INFO  io.pedestal.http - {:msg "GET /css/main.css", :line 80}
2023-07-12 23:09:04.792 [qtp1337501726-59] INFO  io.pedestal.http - {:msg "GET /ui/corner-bubble/mouseenter", :line 80}
2023-07-12 23:11:18.025 [qtp1337501726-173] INFO  io.pedestal.http - {:msg "GET /", :line 80}
2023-07-12 23:11:20.059 [qtp1337501726-61] INFO  io.pedestal.http - {:msg "GET /", :line 80}
2023-07-12 23:11:25.416 [qtp1337501726-55] INFO  io.pedestal.http - {:msg "GET /ui/corner-bubble/mouseenter", :line 80}
2023-07-12 23:11:27.198 [qtp1337501726-61] INFO  io.pedestal.http - {:msg "GET /ui/corner-bubble/mouseenter", :line 80}
2023-07-12 23:13:14.588 [qtp1337501726-61] INFO  io.pedestal.http - {:msg "GET /", :line 80}
2023-07-12 23:13:14.978 [qtp1337501726-56] INFO  io.pedestal.http - {:msg "GET /", :line 80}
2023-07-12 23:13:15.246 [qtp1337501726-176] INFO  io.pedestal.http - {:msg "GET /", :line 80}
2023-07-12 23:13:24.945 [qtp1337501726-56] INFO  io.pedestal.http - {:msg "GET /", :line 80}
2023-07-12 23:14:26.963 [qtp1337501726-56] INFO  io.pedestal.http - {:msg "GET /", :line 80}
2023-07-12 23:14:48.267 [qtp1337501726-59] INFO  io.pedestal.http - {:msg "GET /", :line 80}
2023-07-12 23:15:13.368 [qtp1337501726-60] INFO  io.pedestal.http - {:msg "GET /", :line 80}
2023-07-12 23:15:36.107 [qtp1337501726-59] INFO  io.pedestal.http - {:msg "GET /ui/corner-bubble/mouseenter", :line 80}
2023-07-12 23:16:01.709 [qtp1337501726-60] INFO  io.pedestal.http - {:msg "GET /", :line 80}
2023-07-12 23:16:02.486 [qtp1337501726-59] INFO  io.pedestal.http - {:msg "GET /", :line 80}
2023-07-12 23:16:42.010 [qtp1337501726-55] INFO  io.pedestal.http - {:msg "GET /", :line 80}
2023-07-12 23:24:49.195 [qtp1337501726-173] INFO  io.pedestal.http - {:msg "GET /", :line 80}
2023-07-12 23:24:49.210 [qtp1337501726-176] INFO  io.pedestal.http - {:msg "GET /css/main.css", :line 80}
2023-07-12 23:24:49.210 [qtp1337501726-59] INFO  io.pedestal.http - {:msg "GET /img/display_name_light.png", :line 80}
2023-07-12 23:25:08.288 [qtp1337501726-56] INFO  io.pedestal.http - {:msg "GET /", :line 80}
2023-07-12 23:25:08.323 [qtp1337501726-59] INFO  io.pedestal.http - {:msg "GET /img/display_name_light.png", :line 80}
2023-07-12 23:25:13.691 [qtp1337501726-56] INFO  io.pedestal.http - {:msg "GET /", :line 80}
2023-07-12 23:25:15.114 [qtp1337501726-59] INFO  io.pedestal.http - {:msg "GET /ui/corner-bubble/mouseenter", :line 80}
